<?xml version="1.0" encoding="UTF-8"?>
<testng-results ignored="0" total="1" passed="1" failed="0" skipped="0">
  <reporter-output>
    <line>
      <![CDATA[testcase is pass > report from Listeners]]>
    </line>
    <line>
      <![CDATA[testcase is pass > report from Listeners]]>
    </line>
    <line>
      <![CDATA[testcase is pass > report from Listeners]]>
    </line>
    <line>
      <![CDATA[testcase is pass > report from Listeners]]>
    </line>
    <line>
      <![CDATA[testcase is pass > report from Listeners]]>
    </line>
    <line>
      <![CDATA[testcase is fail > report from Listeners]]>
    </line>
    <line>
      <![CDATA[testcase is pass > report from Listeners]]>
    </line>
    <line>
      <![CDATA[testcase is pass > report from Listeners]]>
    </line>
    <line>
      <![CDATA[testcase is pass > report from Listeners]]>
    </line>
    <line>
      <![CDATA[testcase is pass > report from Listeners]]>
    </line>
    <line>
      <![CDATA[testcase is pass > report from Listeners]]>
    </line>
    <line>
      <![CDATA[testcase is pass > report from Listeners]]>
    </line>
    <line>
      <![CDATA[testcase is pass > report from Listeners]]>
    </line>
    <line>
      <![CDATA[testcase is pass > report from Listeners]]>
    </line>
  </reporter-output>
  <suite started-at="2024-09-21T23:22:07 IST" name="Surefire suite" finished-at="2024-09-21T23:22:07 IST" duration-ms="65">
    <groups>
    </groups>
    <test started-at="2024-09-21T23:22:07 IST" name="Surefire test" finished-at="2024-09-21T23:22:07 IST" duration-ms="65">
      <class name="E_commerce_amazon.AppTest">
        <test-method signature="shouldAnswerWithTrue()" started-at="2024-09-21T23:22:07 IST" name="shouldAnswerWithTrue" finished-at="2024-09-21T23:22:07 IST" duration-ms="7" status="PASS">
          <reporter-output>
          </reporter-output>
        </test-method> <!-- shouldAnswerWithTrue -->
      </class> <!-- E_commerce_amazon.AppTest -->
    </test> <!-- Surefire test -->
  </suite> <!-- Surefire suite -->
</testng-results>
