<?xml version="1.0" encoding="UTF-8"?>
<!-- Generated by org.testng.reporters.JUnitXMLReporter -->
<testsuite ignored="0" hostname="AnushaChanna" failures="0" tests="16" name="Test" time="391.229" errors="0" timestamp="2024-09-21T23:38:11 IST">
  <testcase classname="E_commerce_amazon.Testcase2_Login" name="login_amazon_valid" time="12.363"/>
  <testcase classname="E_commerce_amazon.Testcase3_LoginIvalid" name="login_amazon_Invalid" time="2.889"/>
  <testcase classname="E_commerce_amazon.Testcase4_ProfileEdit" name="EditProfile" time="16.101"/>
  <testcase classname="E_commerce_amazon.Testcase5_Search" name="amazon_Search" time="4.439"/>
  <testcase classname="E_commerce_amazon.Testcase7_ProductDetailsPage" name="productpagedetails" time="12.827"/>
  <testcase classname="E_commerce_amazon.Testcase6_Filter" name="productfilter" time="4.495"/>
  <testcase classname="E_commerce_amazon.Testcase8_SortingProduct" name="sorting" time="12.254"/>
  <testcase classname="E_commerce_amazon.Tescase9_VerifyCart" name="verifyingcart" time="13.311"/>
  <testcase classname="E_commerce_amazon.Testcase10_quantity_delete" name="verifyingCart" time="21.468"/>
  <testcase classname="E_commerce_amazon.Testcase11_OrderReview" name="FinalReviewOrder" time="33.626">
    <skipped/>
  </testcase> <!-- FinalReviewOrder -->
  <testcase classname="E_commerce_amazon.Testcase11_OrderReview" name="FinalReviewOrder" time="37.663">
    <skipped/>
  </testcase> <!-- FinalReviewOrder -->
  <testcase classname="E_commerce_amazon.Testcase11_OrderReview" name="FinalReviewOrder" time="36.157"/>
  <testcase classname="E_commerce_amazon.Testcase12_AllPayMethods" name="PaymentRadioButton" time="26.898"/>
  <testcase classname="E_commerce_amazon.Testcase13_CouponCode" name="ApplyCoupon" time="28.571"/>
  <testcase classname="E_commerce_amazon.Testcase14_RatelastOrder" name="RateLastOrder" time="14.168"/>
  <testcase classname="E_commerce_amazon.Testcase_15_AddToCart" name="AddToCartWithouLogin" time="12.415"/>
</testsuite> <!-- Test -->
