<?xml version="1.0" encoding="UTF-8"?>
<!-- Generated by org.testng.reporters.JUnitXMLReporter -->
<testsuite ignored="0" hostname="AnushaChanna" failures="0" tests="17" name="Test" time="428.691" errors="0" timestamp="2024-09-21T23:49:19 IST">
  <testcase classname="E_commerce_amazon.Testcase2_Login" name="login_amazon_valid" time="9.137"/>
  <testcase classname="E_commerce_amazon.Testcase3_LoginIvalid" name="login_amazon_Invalid" time="3.095"/>
  <testcase classname="E_commerce_amazon.Testcase4_ProfileEdit" name="EditProfile" time="15.723"/>
  <testcase classname="E_commerce_amazon.Testcase5_Search" name="amazon_Search" time="5.322"/>
  <testcase classname="E_commerce_amazon.Testcase7_ProductDetailsPage" name="productpagedetails" time="11.465"/>
  <testcase classname="E_commerce_amazon.Testcase6_Filter" name="productfilter" time="5.595"/>
  <testcase classname="E_commerce_amazon.Testcase8_SortingProduct" name="sorting" time="11.483"/>
  <testcase classname="E_commerce_amazon.Tescase9_VerifyCart" name="verifyingcart" time="12.421"/>
  <testcase classname="E_commerce_amazon.Testcase10_quantity_delete" name="verifyingCart" time="19.453"/>
  <testcase classname="E_commerce_amazon.Testcase11_OrderReview" name="FinalReviewOrder" time="38.077">
    <skipped/>
  </testcase> <!-- FinalReviewOrder -->
  <testcase classname="E_commerce_amazon.Testcase11_OrderReview" name="FinalReviewOrder" time="33.905">
    <skipped/>
  </testcase> <!-- FinalReviewOrder -->
  <testcase classname="E_commerce_amazon.Testcase11_OrderReview" name="FinalReviewOrder" time="36.379">
    <skipped/>
  </testcase> <!-- FinalReviewOrder -->
  <testcase classname="E_commerce_amazon.Testcase11_OrderReview" name="FinalReviewOrder" time="35.092"/>
  <testcase classname="E_commerce_amazon.Testcase12_AllPayMethods" name="PaymentRadioButton" time="28.705"/>
  <testcase classname="E_commerce_amazon.Testcase13_CouponCode" name="ApplyCoupon" time="28.698"/>
  <testcase classname="E_commerce_amazon.Testcase14_RatelastOrder" name="RateLastOrder" time="15.632"/>
  <testcase classname="E_commerce_amazon.Testcase_15_AddToCart" name="AddToCartWithouLogin" time="16.807"/>
</testsuite> <!-- Test -->
